Using launch settings from d:\Staff-E-commerce\backend\Properties\launchSettings.json...
Building...
d:\Staff-E-commerce\backend\Services\UserService.cs(172,25): warning CS8601: Possible null reference assignment. [d:\Staff-E-commerce\backend\backend.csproj]
d:\Staff-E-commerce\backend\Services\ActivityLogService.cs(41,30): warning CS8600: Converting null literal or possible null value to non-nullable type. [d:\Staff-E-commerce\backend\backend.csproj]
d:\Staff-E-commerce\backend\Repository\ActivityLogRepository.cs(41,34): warning CS8601: Possible null reference assignment. [d:\Staff-E-commerce\backend\backend.csproj]
d:\Staff-E-commerce\backend\Repository\ActivityLogRepository.cs(42,32): warning CS8601: Possible null reference assignment. [d:\Staff-E-commerce\backend\backend.csproj]
d:\Staff-E-commerce\backend\Program.cs(126,6): warning CS8602: Dereference of a possibly null reference. [d:\Staff-E-commerce\backend\backend.csproj]
d:\Staff-E-commerce\backend\Repository\ActivityLogRepository.cs(82,34): warning CS8601: Possible null reference assignment. [d:\Staff-E-commerce\backend\backend.csproj]
d:\Staff-E-commerce\backend\Repository\ActivityLogRepository.cs(83,32): warning CS8601: Possible null reference assignment. [d:\Staff-E-commerce\backend\backend.csproj]
d:\Staff-E-commerce\backend\Services\PaymentService.cs(47,34): warning CS8600: Converting null literal or possible null value to non-nullable type. [d:\Staff-E-commerce\backend\backend.csproj]
d:\Staff-E-commerce\backend\Services\PaymentService.cs(48,32): warning CS8600: Converting null literal or possible null value to non-nullable type. [d:\Staff-E-commerce\backend\backend.csproj]
d:\Staff-E-commerce\backend\Services\PaymentService.cs(49,32): warning CS8600: Converting null literal or possible null value to non-nullable type. [d:\Staff-E-commerce\backend\backend.csproj]
d:\Staff-E-commerce\backend\Services\PaymentService.cs(57,52): warning CS8604: Possible null reference argument for parameter 'key' in 'string PaymentService.SignSHA256(string message, string key)'. [d:\Staff-E-commerce\backend\backend.csproj]
d:\Staff-E-commerce\backend\Services\PaymentService.cs(82,28): warning CS8600: Converting null literal or possible null value to non-nullable type. [d:\Staff-E-commerce\backend\backend.csproj]
d:\Staff-E-commerce\backend\Services\PaymentService.cs(116,32): warning CS8600: Converting null literal or possible null value to non-nullable type. [d:\Staff-E-commerce\backend\backend.csproj]
d:\Staff-E-commerce\backend\Services\PaymentService.cs(117,32): warning CS8600: Converting null literal or possible null value to non-nullable type. [d:\Staff-E-commerce\backend\backend.csproj]
d:\Staff-E-commerce\backend\Services\PaymentService.cs(134,60): warning CS8604: Possible null reference argument for parameter 'key' in 'string PaymentService.SignSHA256(string message, string key)'. [d:\Staff-E-commerce\backend\backend.csproj]
d:\Staff-E-commerce\backend\Services\PaymentService.cs(150,25): warning CS8602: Dereference of a possibly null reference. [d:\Staff-E-commerce\backend\backend.csproj]
d:\Staff-E-commerce\backend\Services\PaymentService.cs(153,25): warning CS8604: Possible null reference argument for parameter 'entityId' in 'Task ActivityLogService.LogAsync(int userId, string action, string entityType, string entityId, string? payload, string ipAddress)'. [d:\Staff-E-commerce\backend\backend.csproj]
C:\Program Files\dotnet\sdk\9.0.111\Microsoft.Common.CurrentVersion.targets(5322,5): warning MSB3026: Could not copy "d:\Staff-E-commerce\backend\obj\Debug\net9.0\apphost.exe" to "bin\Debug\net9.0\backend.exe". Beginning retry 1 in 1000ms. The process cannot access the file 'd:\Staff-E-commerce\backend\bin\Debug\net9.0\backend.exe' because it is being used by another process. The file is locked by: "backend (8808)" [d:\Staff-E-commerce\backend\backend.csproj]
C:\Program Files\dotnet\sdk\9.0.111\Microsoft.Common.CurrentVersion.targets(5322,5): warning MSB3026: Could not copy "d:\Staff-E-commerce\backend\obj\Debug\net9.0\apphost.exe" to "bin\Debug\net9.0\backend.exe". Beginning retry 2 in 1000ms. The process cannot access the file 'd:\Staff-E-commerce\backend\bin\Debug\net9.0\backend.exe' because it is being used by another process. The file is locked by: "backend (8808)" [d:\Staff-E-commerce\backend\backend.csproj]
C:\Program Files\dotnet\sdk\9.0.111\Microsoft.Common.CurrentVersion.targets(5322,5): warning MSB3026: Could not copy "d:\Staff-E-commerce\backend\obj\Debug\net9.0\apphost.exe" to "bin\Debug\net9.0\backend.exe". Beginning retry 3 in 1000ms. The process cannot access the file 'd:\Staff-E-commerce\backend\bin\Debug\net9.0\backend.exe' because it is being used by another process. The file is locked by: "backend (8808)" [d:\Staff-E-commerce\backend\backend.csproj]
C:\Program Files\dotnet\sdk\9.0.111\Microsoft.Common.CurrentVersion.targets(5322,5): warning MSB3026: Could not copy "d:\Staff-E-commerce\backend\obj\Debug\net9.0\apphost.exe" to "bin\Debug\net9.0\backend.exe". Beginning retry 4 in 1000ms. The process cannot access the file 'd:\Staff-E-commerce\backend\bin\Debug\net9.0\backend.exe' because it is being used by another process. The file is locked by: "backend (8808)" [d:\Staff-E-commerce\backend\backend.csproj]
C:\Program Files\dotnet\sdk\9.0.111\Microsoft.Common.CurrentVersion.targets(5322,5): warning MSB3026: Could not copy "d:\Staff-E-commerce\backend\obj\Debug\net9.0\apphost.exe" to "bin\Debug\net9.0\backend.exe". Beginning retry 5 in 1000ms. The process cannot access the file 'd:\Staff-E-commerce\backend\bin\Debug\net9.0\backend.exe' because it is being used by another process. The file is locked by: "backend (8808)" [d:\Staff-E-commerce\backend\backend.csproj]
C:\Program Files\dotnet\sdk\9.0.111\Microsoft.Common.CurrentVersion.targets(5322,5): warning MSB3026: Could not copy "d:\Staff-E-commerce\backend\obj\Debug\net9.0\apphost.exe" to "bin\Debug\net9.0\backend.exe". Beginning retry 6 in 1000ms. The process cannot access the file 'd:\Staff-E-commerce\backend\bin\Debug\net9.0\backend.exe' because it is being used by another process. The file is locked by: "backend (8808)" [d:\Staff-E-commerce\backend\backend.csproj]
C:\Program Files\dotnet\sdk\9.0.111\Microsoft.Common.CurrentVersion.targets(5322,5): warning MSB3026: Could not copy "d:\Staff-E-commerce\backend\obj\Debug\net9.0\apphost.exe" to "bin\Debug\net9.0\backend.exe". Beginning retry 7 in 1000ms. The process cannot access the file 'd:\Staff-E-commerce\backend\bin\Debug\net9.0\backend.exe' because it is being used by another process. The file is locked by: "backend (8808)" [d:\Staff-E-commerce\backend\backend.csproj]
C:\Program Files\dotnet\sdk\9.0.111\Microsoft.Common.CurrentVersion.targets(5322,5): warning MSB3026: Could not copy "d:\Staff-E-commerce\backend\obj\Debug\net9.0\apphost.exe" to "bin\Debug\net9.0\backend.exe". Beginning retry 8 in 1000ms. The process cannot access the file 'd:\Staff-E-commerce\backend\bin\Debug\net9.0\backend.exe' because it is being used by another process. The file is locked by: "backend (8808)" [d:\Staff-E-commerce\backend\backend.csproj]
C:\Program Files\dotnet\sdk\9.0.111\Microsoft.Common.CurrentVersion.targets(5322,5): warning MSB3026: Could not copy "d:\Staff-E-commerce\backend\obj\Debug\net9.0\apphost.exe" to "bin\Debug\net9.0\backend.exe". Beginning retry 9 in 1000ms. The process cannot access the file 'd:\Staff-E-commerce\backend\bin\Debug\net9.0\backend.exe' because it is being used by another process. The file is locked by: "backend (8808)" [d:\Staff-E-commerce\backend\backend.csproj]
C:\Program Files\dotnet\sdk\9.0.111\Microsoft.Common.CurrentVersion.targets(5322,5): warning MSB3026: Could not copy "d:\Staff-E-commerce\backend\obj\Debug\net9.0\apphost.exe" to "bin\Debug\net9.0\backend.exe". Beginning retry 10 in 1000ms. The process cannot access the file 'd:\Staff-E-commerce\backend\bin\Debug\net9.0\backend.exe' because it is being used by another process. The file is locked by: "backend (8808)" [d:\Staff-E-commerce\backend\backend.csproj]
C:\Program Files\dotnet\sdk\9.0.111\Microsoft.Common.CurrentVersion.targets(5322,5): error MSB3027: Could not copy "d:\Staff-E-commerce\backend\obj\Debug\net9.0\apphost.exe" to "bin\Debug\net9.0\backend.exe". Exceeded retry count of 10. Failed. The file is locked by: "backend (8808)" [d:\Staff-E-commerce\backend\backend.csproj]
C:\Program Files\dotnet\sdk\9.0.111\Microsoft.Common.CurrentVersion.targets(5322,5): error MSB3021: Unable to copy file "d:\Staff-E-commerce\backend\obj\Debug\net9.0\apphost.exe" to "bin\Debug\net9.0\backend.exe". The process cannot access the file 'd:\Staff-E-commerce\backend\bin\Debug\net9.0\backend.exe' because it is being used by another process. [d:\Staff-E-commerce\backend\backend.csproj]

The build failed. Fix the build errors and run again.
