[2025-11-13 10:08:27] [User:2] [Action:CREATE_Orders] [Entity:Orders#create-temp] [IP:::1] {"raw":"[Empty Body]"}
[2025-11-13 10:09:03] [User:2] [Action:CREATE_Orders] [Entity:Orders#create] [IP:::1] {"Id":55,"OrderNumber":"5ba4ad3a-a800-4019-8ad4-d765a8c2c6a6","CustomerId":0,"UserId":2,"Status":"pending","Subtotal":350911,"Discount":0,"TotalAmount":350911,"PromotionId":null,"Note":"Test middlewware","CreatedAt":"2025-11-13T03:08:27.5590415Z","UpdatedAt":"2025-11-13T03:08:27.5590663Z"}
[2025-11-13 10:09:03] [User:2] [Action:CREATE_Orderitem] [Entity:Orderitem#create] [IP:::1] [{"OrderId":55,"ProductId":44,"Quantity":1,"UnitPrice":350911,"TotalPrice":350911,"CreatedAt":"2025-11-13T03:09:03.773Z"}]
[2025-11-13 10:09:03] [User:2] [Action:CREATE_Inventory] [Entity:Inventory#reduce-multiple] [IP:::1] [{"ProductId":44,"Quantity":1}]
[2025-11-13 10:40:53] [User:2] [Action:CREATE_Orders] [Entity:Orders#create-temp] [IP:::1] {"raw":"[Empty Body]"}
[2025-11-13 10:41:19] [User:2] [Action:CREATE_Orders] [Entity:Orders#create] [IP:::1] {"Id":56,"OrderNumber":"b8cdc3f1-2297-4106-aefe-9213f1abddaa","CustomerId":0,"UserId":2,"Status":"pending","Subtotal":26616,"Discount":0,"TotalAmount":26616,"PromotionId":null,"Note":"test mo mo","CreatedAt":"2025-11-13T03:41:19.453Z","UpdatedAt":"2025-11-13T03:41:19.453Z"}
[2025-11-13 10:41:19] [User:2] [Action:CREATE_Orderitem] [Entity:Orderitem#create] [IP:::1] [{"OrderId":56,"ProductId":43,"Quantity":1,"UnitPrice":26616,"TotalPrice":26616,"CreatedAt":"2025-11-13T03:41:19.453Z"}]
[2025-11-13 10:41:19] [User:2] [Action:CREATE_Inventory] [Entity:Inventory#reduce-multiple] [IP:::1] [{"ProductId":43,"Quantity":1}]
[2025-11-13 10:46:45] [User:2] [Action:CREATE_Orders] [Entity:Orders#create-temp] [IP:::1] {"raw":"[Empty Body]"}
[2025-11-13 10:47:08] [User:2] [Action:CREATE_Orders] [Entity:Orders#create] [IP:::1] {"Id":57,"OrderNumber":"55543559-e55b-43c6-b71c-c40eeadb2d55","CustomerId":0,"UserId":2,"Status":"pending","Subtotal":230083,"Discount":0,"TotalAmount":230083,"PromotionId":null,"Note":"momo tesr\n","CreatedAt":"2025-11-13T03:47:08.489Z","UpdatedAt":"2025-11-13T03:47:08.489Z"}
[2025-11-13 10:47:08] [User:2] [Action:CREATE_Orderitem] [Entity:Orderitem#create] [IP:::1] [{"OrderId":57,"ProductId":46,"Quantity":1,"UnitPrice":230083,"TotalPrice":230083,"CreatedAt":"2025-11-13T03:47:08.489Z"}]
[2025-11-13 10:47:08] [User:2] [Action:CREATE_Inventory] [Entity:Inventory#reduce-multiple] [IP:::1] [{"ProductId":46,"Quantity":1}]
[2025-11-13 10:53:38] [User:2] [Action:CREATE_Orders] [Entity:Orders#create-temp] [IP:::1] {"raw":"[Empty Body]"}
[2025-11-13 10:54:13] [User:2] [Action:CREATE_Orders] [Entity:Orders#create] [IP:::1] {"Id":58,"OrderNumber":"093ef3ce-24e6-4ac3-916c-c7636303bd88","CustomerId":0,"UserId":2,"Status":"pending","Subtotal":43415,"Discount":0,"TotalAmount":43415,"PromotionId":null,"Note":"m\u00F4m test","CreatedAt":"2025-11-13T03:54:13.617Z","UpdatedAt":"2025-11-13T03:54:13.617Z"}
[2025-11-13 10:54:13] [User:2] [Action:CREATE_Orderitem] [Entity:Orderitem#create] [IP:::1] [{"OrderId":58,"ProductId":48,"Quantity":1,"UnitPrice":43415,"TotalPrice":43415,"CreatedAt":"2025-11-13T03:54:13.617Z"}]
[2025-11-13 10:54:13] [User:2] [Action:CREATE_Inventory] [Entity:Inventory#reduce-multiple] [IP:::1] [{"ProductId":48,"Quantity":1}]
[2025-11-13 11:00:49] [User:2] [Action:CREATE_Orders] [Entity:Orders#create-temp] [IP:::1] {"raw":"[Empty Body]"}
[2025-11-13 11:01:17] [User:2] [Action:CREATE_Orders] [Entity:Orders#create] [IP:::1] {"Id":59,"OrderNumber":"52abc035-02c0-4ff5-a43f-7c14ee97dd2c","CustomerId":0,"UserId":2,"Status":"pending","Subtotal":350911,"Discount":0,"TotalAmount":350911,"PromotionId":null,"Note":"mo mo test","CreatedAt":"2025-11-13T04:01:17.850Z","UpdatedAt":"2025-11-13T04:01:17.850Z"}
[2025-11-13 11:01:17] [User:2] [Action:CREATE_Orderitem] [Entity:Orderitem#create] [IP:::1] [{"OrderId":59,"ProductId":44,"Quantity":1,"UnitPrice":350911,"TotalPrice":350911,"CreatedAt":"2025-11-13T04:01:17.850Z"}]
[2025-11-13 11:01:18] [User:2] [Action:CREATE_Inventory] [Entity:Inventory#reduce-multiple] [IP:::1] [{"ProductId":44,"Quantity":1}]
[2025-11-13 11:06:35] [User:2] [Action:CREATE_Orders] [Entity:Orders#create-temp] [IP:::1] {"raw":"[Empty Body]"}
[2025-11-13 11:06:56] [User:2] [Action:CREATE_Orders] [Entity:Orders#create] [IP:::1] {"Id":60,"OrderNumber":"bd9b038e-c20b-458f-b3a4-f82ce87660c7","CustomerId":0,"UserId":2,"Status":"pending","Subtotal":26616,"Discount":0,"TotalAmount":26616,"PromotionId":null,"Note":"mo mo test","CreatedAt":"2025-11-13T04:06:56.291Z","UpdatedAt":"2025-11-13T04:06:56.291Z"}
[2025-11-13 11:06:56] [User:2] [Action:CREATE_Orderitem] [Entity:Orderitem#create] [IP:::1] [{"OrderId":60,"ProductId":43,"Quantity":1,"UnitPrice":26616,"TotalPrice":26616,"CreatedAt":"2025-11-13T04:06:56.292Z"}]
[2025-11-13 11:06:56] [User:2] [Action:CREATE_Inventory] [Entity:Inventory#reduce-multiple] [IP:::1] [{"ProductId":43,"Quantity":1}]
[2025-11-13 11:12:54] [User:2] [Action:CREATE_Orders] [Entity:Orders#create-temp] [IP:::1] {"raw":"[Empty Body]"}
[2025-11-13 11:13:35] [User:2] [Action:CREATE_Orders] [Entity:Orders#create] [IP:::1] {"Id":61,"OrderNumber":"a4fa03df-0225-4f86-ab90-e5aec7fc5770","CustomerId":0,"UserId":2,"Status":"pending","Subtotal":230083,"Discount":0,"TotalAmount":230083,"PromotionId":null,"Note":"MOMO MOMO","CreatedAt":"2025-11-13T04:13:35.975Z","UpdatedAt":"2025-11-13T04:13:35.975Z"}
[2025-11-13 11:13:36] [User:2] [Action:CREATE_Orderitem] [Entity:Orderitem#create] [IP:::1] [{"OrderId":61,"ProductId":46,"Quantity":1,"UnitPrice":230083,"TotalPrice":230083,"CreatedAt":"2025-11-13T04:13:35.975Z"}]
[2025-11-13 11:13:36] [User:2] [Action:CREATE_Inventory] [Entity:Inventory#reduce-multiple] [IP:::1] [{"ProductId":46,"Quantity":1}]
